0 info it worked if it ends with ok
1 verbose cli [ 'node', '/usr/local/bin/npm', 'install', 'jshint', '-g' ]
2 info using npm@1.3.24
3 info using node@v0.10.25
4 verbose cache add [ 'jshint', null ]
5 verbose cache add name=undefined spec="jshint" args=["jshint",null]
6 verbose parsed url { protocol: null,
6 verbose parsed url   slashes: null,
6 verbose parsed url   auth: null,
6 verbose parsed url   host: null,
6 verbose parsed url   port: null,
6 verbose parsed url   hostname: null,
6 verbose parsed url   hash: null,
6 verbose parsed url   search: null,
6 verbose parsed url   query: null,
6 verbose parsed url   pathname: 'jshint',
6 verbose parsed url   path: 'jshint',
6 verbose parsed url   href: 'jshint' }
7 silly lockFile da5c03cb-jshint jshint
8 verbose lock jshint /Users/lhenze/.npm/da5c03cb-jshint.lock
9 silly lockFile da5c03cb-jshint jshint
10 silly lockFile da5c03cb-jshint jshint
11 verbose addNamed [ 'jshint', '' ]
12 verbose addNamed [ null, '*' ]
13 silly lockFile a02a2468-jshint jshint@
14 verbose lock jshint@ /Users/lhenze/.npm/a02a2468-jshint.lock
15 silly addNameRange { name: 'jshint', range: '*', hasData: false }
16 verbose url raw jshint
17 verbose url resolving [ 'https://registry.npmjs.org/', './jshint' ]
18 verbose url resolved https://registry.npmjs.org/jshint
19 info trying registry request attempt 1 at 12:05:36
20 http GET https://registry.npmjs.org/jshint
21 http 200 https://registry.npmjs.org/jshint
22 silly registry.get cb [ 200,
22 silly registry.get   { date: 'Fri, 31 Jan 2014 17:05:34 GMT',
22 silly registry.get     server: 'CouchDB/1.5.0 (Erlang OTP/R15B03)',
22 silly registry.get     etag: '"8XQZL43JUHSI979THYJKBA4IF"',
22 silly registry.get     'content-type': 'application/json',
22 silly registry.get     'content-length': '74933',
22 silly registry.get     'accept-ranges': 'bytes',
22 silly registry.get     via: '1.1 varnish',
22 silly registry.get     age: '293',
22 silly registry.get     'x-served-by': 'cache-jfk1025-JFK',
22 silly registry.get     'x-cache': 'HIT',
22 silly registry.get     'x-cache-hits': '4',
22 silly registry.get     'x-timer': 'S1391187934.280075073,VS0,VE0',
22 silly registry.get     vary: 'Accept',
22 silly registry.get     'keep-alive': 'timeout=10, max=50',
22 silly registry.get     connection: 'Keep-Alive' } ]
23 silly addNameRange number 2 { name: 'jshint', range: '*', hasData: true }
24 silly addNameRange versions [ 'jshint',
24 silly addNameRange   [ '0.1.8',
24 silly addNameRange     '0.1.9',
24 silly addNameRange     '0.2.0',
24 silly addNameRange     '0.2.1',
24 silly addNameRange     '0.2.2',
24 silly addNameRange     '0.2.3',
24 silly addNameRange     '0.3.0',
24 silly addNameRange     '0.3.1',
24 silly addNameRange     '0.4.0',
24 silly addNameRange     '0.5.0',
24 silly addNameRange     '0.5.1',
24 silly addNameRange     '0.5.2',
24 silly addNameRange     '0.5.3',
24 silly addNameRange     '0.5.4',
24 silly addNameRange     '0.5.5',
24 silly addNameRange     '0.5.6',
24 silly addNameRange     '0.5.7',
24 silly addNameRange     '0.5.8',
24 silly addNameRange     '0.5.9',
24 silly addNameRange     '0.6.0',
24 silly addNameRange     '0.6.1',
24 silly addNameRange     '0.6.2',
24 silly addNameRange     '0.6.3',
24 silly addNameRange     '0.7.0',
24 silly addNameRange     '0.7.1',
24 silly addNameRange     '0.7.2',
24 silly addNameRange     '0.7.3',
24 silly addNameRange     '0.8.0',
24 silly addNameRange     '0.8.1',
24 silly addNameRange     '0.8.2',
24 silly addNameRange     '0.9.0',
24 silly addNameRange     '0.9.1',
24 silly addNameRange     '1.0.0',
24 silly addNameRange     '1.1.0',
24 silly addNameRange     '2.0.0',
24 silly addNameRange     '2.0.1',
24 silly addNameRange     '2.1.0',
24 silly addNameRange     '2.1.1',
24 silly addNameRange     '2.1.2',
24 silly addNameRange     '2.1.3',
24 silly addNameRange     '2.1.4',
24 silly addNameRange     '2.1.5',
24 silly addNameRange     '2.1.6',
24 silly addNameRange     '2.1.7',
24 silly addNameRange     '2.1.8',
24 silly addNameRange     '2.1.9',
24 silly addNameRange     '2.1.10',
24 silly addNameRange     '2.1.11',
24 silly addNameRange     '2.2.0',
24 silly addNameRange     '2.3.0',
24 silly addNameRange     '2.4.0',
24 silly addNameRange     '2.4.1',
24 silly addNameRange     '2.4.2',
24 silly addNameRange     '2.4.3' ] ]
25 verbose addNamed [ 'jshint', '2.4.3' ]
26 verbose addNamed [ '2.4.3', '2.4.3' ]
27 silly lockFile f2e3fd2c-jshint-2-4-3 jshint@2.4.3
28 verbose lock jshint@2.4.3 /Users/lhenze/.npm/f2e3fd2c-jshint-2-4-3.lock
29 silly lockFile 7ea75ae4-pmjs-org-jshint-jshint-2-4-3-tgz https://registry.npmjs.org/jshint/-/jshint-2.4.3.tgz
30 verbose lock https://registry.npmjs.org/jshint/-/jshint-2.4.3.tgz /Users/lhenze/.npm/7ea75ae4-pmjs-org-jshint-jshint-2-4-3-tgz.lock
31 verbose addRemoteTarball [ 'https://registry.npmjs.org/jshint/-/jshint-2.4.3.tgz',
31 verbose addRemoteTarball   '1beb074b4d9f817773bb5aa16882fd67164c216a' ]
32 info retry fetch attempt 1 at 12:05:37
33 verbose fetch to= /var/folders/h8/9m81t1cn4zv079m79s4mpb_00000gp/T/npm-28253-S4qc59EB/1391187937431-0.7586866300553083/tmp.tgz
34 http GET https://registry.npmjs.org/jshint/-/jshint-2.4.3.tgz
35 http 200 https://registry.npmjs.org/jshint/-/jshint-2.4.3.tgz
36 verbose tar unpack /var/folders/h8/9m81t1cn4zv079m79s4mpb_00000gp/T/npm-28253-S4qc59EB/1391187937431-0.7586866300553083/tmp.tgz
37 silly lockFile 59a79243-37431-0-7586866300553083-package tar:///var/folders/h8/9m81t1cn4zv079m79s4mpb_00000gp/T/npm-28253-S4qc59EB/1391187937431-0.7586866300553083/package
38 verbose lock tar:///var/folders/h8/9m81t1cn4zv079m79s4mpb_00000gp/T/npm-28253-S4qc59EB/1391187937431-0.7586866300553083/package /Users/lhenze/.npm/59a79243-37431-0-7586866300553083-package.lock
39 silly lockFile 8fd6b210-37431-0-7586866300553083-tmp-tgz tar:///var/folders/h8/9m81t1cn4zv079m79s4mpb_00000gp/T/npm-28253-S4qc59EB/1391187937431-0.7586866300553083/tmp.tgz
40 verbose lock tar:///var/folders/h8/9m81t1cn4zv079m79s4mpb_00000gp/T/npm-28253-S4qc59EB/1391187937431-0.7586866300553083/tmp.tgz /Users/lhenze/.npm/8fd6b210-37431-0-7586866300553083-tmp-tgz.lock
41 silly gunzTarPerm modes [ '755', '644' ]
42 silly gunzTarPerm extractEntry package.json
43 silly gunzTarPerm extractEntry README.md
44 silly gunzTarPerm extractEntry bin/apply
45 silly gunzTarPerm extractEntry bin/build
46 silly gunzTarPerm extractEntry bin/changelog
47 silly gunzTarPerm extractEntry bin/jshint
48 silly gunzTarPerm extractEntry bin/land
49 silly gunzTarPerm extractEntry data/ascii-identifier-data.js
50 silly gunzTarPerm extractEntry data/non-ascii-identifier-part-only.js
51 silly gunzTarPerm extractEntry data/non-ascii-identifier-start.js
52 silly gunzTarPerm extractEntry src/cli.js
53 silly gunzTarPerm extractEntry src/jshint.js
54 silly gunzTarPerm extractEntry src/lex.js
55 silly gunzTarPerm extractEntry src/messages.js
56 silly gunzTarPerm extractEntry src/reg.js
57 silly gunzTarPerm extractEntry src/state.js
58 silly gunzTarPerm extractEntry src/style.js
59 silly gunzTarPerm extractEntry src/vars.js
60 silly gunzTarPerm extractEntry src/platforms/rhino.js
61 silly gunzTarPerm extractEntry src/reporters/checkstyle.js
62 silly gunzTarPerm extractEntry src/reporters/default.js
63 silly gunzTarPerm extractEntry src/reporters/jslint_xml.js
64 silly gunzTarPerm extractEntry src/reporters/non_error.js
65 silly lockFile 59a79243-37431-0-7586866300553083-package tar:///var/folders/h8/9m81t1cn4zv079m79s4mpb_00000gp/T/npm-28253-S4qc59EB/1391187937431-0.7586866300553083/package
66 silly lockFile 59a79243-37431-0-7586866300553083-package tar:///var/folders/h8/9m81t1cn4zv079m79s4mpb_00000gp/T/npm-28253-S4qc59EB/1391187937431-0.7586866300553083/package
67 silly lockFile 8fd6b210-37431-0-7586866300553083-tmp-tgz tar:///var/folders/h8/9m81t1cn4zv079m79s4mpb_00000gp/T/npm-28253-S4qc59EB/1391187937431-0.7586866300553083/tmp.tgz
68 silly lockFile 8fd6b210-37431-0-7586866300553083-tmp-tgz tar:///var/folders/h8/9m81t1cn4zv079m79s4mpb_00000gp/T/npm-28253-S4qc59EB/1391187937431-0.7586866300553083/tmp.tgz
69 verbose tar pack [ '/Users/lhenze/.npm/jshint/2.4.3/package.tgz',
69 verbose tar pack   '/var/folders/h8/9m81t1cn4zv079m79s4mpb_00000gp/T/npm-28253-S4qc59EB/1391187937431-0.7586866300553083/package' ]
70 verbose tarball /Users/lhenze/.npm/jshint/2.4.3/package.tgz
71 verbose folder /var/folders/h8/9m81t1cn4zv079m79s4mpb_00000gp/T/npm-28253-S4qc59EB/1391187937431-0.7586866300553083/package
72 silly lockFile 59a79243-37431-0-7586866300553083-package tar:///var/folders/h8/9m81t1cn4zv079m79s4mpb_00000gp/T/npm-28253-S4qc59EB/1391187937431-0.7586866300553083/package
73 verbose lock tar:///var/folders/h8/9m81t1cn4zv079m79s4mpb_00000gp/T/npm-28253-S4qc59EB/1391187937431-0.7586866300553083/package /Users/lhenze/.npm/59a79243-37431-0-7586866300553083-package.lock
74 silly lockFile d5195c78-nze-npm-jshint-2-4-3-package-tgz tar:///Users/lhenze/.npm/jshint/2.4.3/package.tgz
75 verbose lock tar:///Users/lhenze/.npm/jshint/2.4.3/package.tgz /Users/lhenze/.npm/d5195c78-nze-npm-jshint-2-4-3-package-tgz.lock
76 silly lockFile 59a79243-37431-0-7586866300553083-package tar:///var/folders/h8/9m81t1cn4zv079m79s4mpb_00000gp/T/npm-28253-S4qc59EB/1391187937431-0.7586866300553083/package
77 silly lockFile 59a79243-37431-0-7586866300553083-package tar:///var/folders/h8/9m81t1cn4zv079m79s4mpb_00000gp/T/npm-28253-S4qc59EB/1391187937431-0.7586866300553083/package
78 silly lockFile d5195c78-nze-npm-jshint-2-4-3-package-tgz tar:///Users/lhenze/.npm/jshint/2.4.3/package.tgz
79 silly lockFile d5195c78-nze-npm-jshint-2-4-3-package-tgz tar:///Users/lhenze/.npm/jshint/2.4.3/package.tgz
80 silly lockFile 9b265bf4--lhenze-npm-jshint-2-4-3-package /Users/lhenze/.npm/jshint/2.4.3/package
81 verbose lock /Users/lhenze/.npm/jshint/2.4.3/package /Users/lhenze/.npm/9b265bf4--lhenze-npm-jshint-2-4-3-package.lock
82 silly lockFile 9b265bf4--lhenze-npm-jshint-2-4-3-package /Users/lhenze/.npm/jshint/2.4.3/package
83 silly lockFile 9b265bf4--lhenze-npm-jshint-2-4-3-package /Users/lhenze/.npm/jshint/2.4.3/package
84 verbose tar unpack /Users/lhenze/.npm/jshint/2.4.3/package.tgz
85 silly lockFile 87d5fad5--lhenze-npm-jshint-2-4-3-package tar:///Users/lhenze/.npm/jshint/2.4.3/package
86 verbose lock tar:///Users/lhenze/.npm/jshint/2.4.3/package /Users/lhenze/.npm/87d5fad5--lhenze-npm-jshint-2-4-3-package.lock
87 silly lockFile d5195c78-nze-npm-jshint-2-4-3-package-tgz tar:///Users/lhenze/.npm/jshint/2.4.3/package.tgz
88 verbose lock tar:///Users/lhenze/.npm/jshint/2.4.3/package.tgz /Users/lhenze/.npm/d5195c78-nze-npm-jshint-2-4-3-package-tgz.lock
89 silly gunzTarPerm modes [ '755', '644' ]
90 silly gunzTarPerm extractEntry package.json
91 silly gunzTarPerm extractEntry README.md
92 silly gunzTarPerm extractEntry bin/apply
93 silly gunzTarPerm extractEntry bin/build
94 silly gunzTarPerm extractEntry bin/changelog
95 silly gunzTarPerm extractEntry bin/jshint
96 silly gunzTarPerm extractEntry bin/land
97 silly gunzTarPerm extractEntry data/ascii-identifier-data.js
98 silly gunzTarPerm extractEntry data/non-ascii-identifier-part-only.js
99 silly gunzTarPerm extractEntry data/non-ascii-identifier-start.js
100 silly gunzTarPerm extractEntry src/cli.js
101 silly gunzTarPerm extractEntry src/jshint.js
102 silly gunzTarPerm extractEntry src/lex.js
103 silly gunzTarPerm extractEntry src/messages.js
104 silly gunzTarPerm extractEntry src/reg.js
105 silly gunzTarPerm extractEntry src/state.js
106 silly gunzTarPerm extractEntry src/style.js
107 silly gunzTarPerm extractEntry src/vars.js
108 silly gunzTarPerm extractEntry src/platforms/rhino.js
109 silly gunzTarPerm extractEntry src/reporters/checkstyle.js
110 silly gunzTarPerm extractEntry src/reporters/default.js
111 silly gunzTarPerm extractEntry src/reporters/jslint_xml.js
112 silly gunzTarPerm extractEntry src/reporters/non_error.js
113 silly lockFile 87d5fad5--lhenze-npm-jshint-2-4-3-package tar:///Users/lhenze/.npm/jshint/2.4.3/package
114 silly lockFile 87d5fad5--lhenze-npm-jshint-2-4-3-package tar:///Users/lhenze/.npm/jshint/2.4.3/package
115 silly lockFile d5195c78-nze-npm-jshint-2-4-3-package-tgz tar:///Users/lhenze/.npm/jshint/2.4.3/package.tgz
116 silly lockFile d5195c78-nze-npm-jshint-2-4-3-package-tgz tar:///Users/lhenze/.npm/jshint/2.4.3/package.tgz
117 verbose chmod /Users/lhenze/.npm/jshint/2.4.3/package.tgz 644
118 verbose chown /Users/lhenze/.npm/jshint/2.4.3/package.tgz [ 502, 20 ]
119 silly lockFile 7ea75ae4-pmjs-org-jshint-jshint-2-4-3-tgz https://registry.npmjs.org/jshint/-/jshint-2.4.3.tgz
120 silly lockFile 7ea75ae4-pmjs-org-jshint-jshint-2-4-3-tgz https://registry.npmjs.org/jshint/-/jshint-2.4.3.tgz
121 silly lockFile f2e3fd2c-jshint-2-4-3 jshint@2.4.3
122 silly lockFile f2e3fd2c-jshint-2-4-3 jshint@2.4.3
123 silly lockFile a02a2468-jshint jshint@
124 silly lockFile a02a2468-jshint jshint@
125 silly resolved [ { name: 'jshint',
125 silly resolved     version: '2.4.3',
125 silly resolved     homepage: 'http://jshint.com/',
125 silly resolved     description: 'Static analysis tool for JavaScript',
125 silly resolved     author:
125 silly resolved      { name: 'Anton Kovalyov',
125 silly resolved        email: 'anton@kovalyov.net',
125 silly resolved        url: 'http://anton.kovalyov.net/' },
125 silly resolved     repository: { type: 'git', url: 'https://github.com/jshint/jshint.git' },
125 silly resolved     bugs: { url: 'https://github.com/jshint/jshint/issues' },
125 silly resolved     bin: { jshint: './bin/jshint' },
125 silly resolved     scripts:
125 silly resolved      { data: 'node scripts/generate-identifier-data',
125 silly resolved        build: 'node bin/build',
125 silly resolved        test: 'nodeunit tests tests/regression tests/unit',
125 silly resolved        pretest: 'jshint src' },
125 silly resolved     main: './src/jshint.js',
125 silly resolved     dependencies:
125 silly resolved      { shelljs: '0.1.x',
125 silly resolved        underscore: '1.4.x',
125 silly resolved        cli: '0.4.x',
125 silly resolved        minimatch: '0.x.x',
125 silly resolved        htmlparser2: '3.3.x',
125 silly resolved        'console-browserify': '0.1.x' },
125 silly resolved     devDependencies:
125 silly resolved      { jshint: '2.4.x',
125 silly resolved        shelljs: '0.1.x',
125 silly resolved        browserify: '3.x',
125 silly resolved        coveraje: '0.2.x',
125 silly resolved        nodeunit: '0.8.x',
125 silly resolved        sinon: '1.7.x',
125 silly resolved        'unicode-6.3.0': '0.1.x',
125 silly resolved        regenerate: '0.5.x' },
125 silly resolved     jshintConfig:
125 silly resolved      { boss: true,
125 silly resolved        node: true,
125 silly resolved        strict: true,
125 silly resolved        white: true,
125 silly resolved        smarttabs: true,
125 silly resolved        maxlen: 100,
125 silly resolved        newcap: false,
125 silly resolved        undef: true,
125 silly resolved        unused: true,
125 silly resolved        onecase: true,
125 silly resolved        indent: 2 },
125 silly resolved     licenses: [ [Object] ],
125 silly resolved     preferGlobal: true,
125 silly resolved     files: [ 'bin', 'src', 'data' ],
125 silly resolved     readme: 'JSHint, A Static Code Analysis Tool for JavaScript\n--------------------------------------------------\n\n\\[ [Use it online](http://jshint.com/) •  [About](http://jshint.com/about/) • \n[Docs](http://jshint.com/docs/) • [FAQ](http://jshint.com/docs/faq) • \n[Install](http://jshint.com/install/) • [Hack](http://jshint.com/hack/) • \n[Blog](http://jshint.com/blog/) • [Twitter](https://twitter.com/jshint/) \\]\n\n[![Build Status](https://travis-ci.org/jshint/jshint.png?branch=master)](https://travis-ci.org/jshint/jshint)\n[![NPM version](https://badge.fury.io/js/jshint.png)](http://badge.fury.io/js/jshint)\n\nJSHint is a community-driven tool to detect errors and potential problems\nin JavaScript code and to enforce your team’s coding conventions. It is\nvery flexible so you can easily adjust it to your particular coding guidelines\nand the environment you expect your code to execute in.\n\n#### JSHint 2.x versus JSHint 3\n\nThere\'s an effort going on to release the next major version of JSHint. All\ndevelopment in the `master` branch is for the version 3.0. Current stable\nversion is in the `2.x` branch. Keep that in mind when submitting pull requests.\n\nAlso, before reporting a bug or thinking about hacking on JSHint, read this:\n[JSHint 3 plans](http://www.jshint.com/blog/jshint-3-plans/). TL;DR: we\'re\nmoving away from style checks within JSHint so no new features around\nstyle checks will be accepted. Bug fixes are fine for the `2.x` branch.\n\n#### Reporting a bug\n\nTo report a bug simply create a\n[new GitHub Issue](https://github.com/jshint/jshint/issues/new) and describe\nyour problem or suggestion. We welcome all kind of feedback regarding\nJSHint including but not limited to:\n\n * When JSHint doesn\'t work as expected\n * When JSHint complains about valid JavaScript code that works in all browsers\n * When you simply want a new option or feature\n\nBefore reporting a bug look around to see if there are any open or closed tickets\nthat cover your issue. And remember the wisdom: pull request > bug report > tweet.\n\n\n#### License\n\nJSHint is distributed under the MIT License. One file and one file only\n(src/stable/jshint.js) is distributed under the slightly modified MIT License.\n\n\n#### Thank you!\n\nWe really appreciate all kind of feedback and contributions. Thanks for using and supporting JSHint!\n',
125 silly resolved     readmeFilename: 'README.md',
125 silly resolved     _id: 'jshint@2.4.3',
125 silly resolved     dist: { shasum: '53b12b00a79a1aa16644ad6e73b12222389e7996' },
125 silly resolved     _from: 'jshint@',
125 silly resolved     _resolved: 'https://registry.npmjs.org/jshint/-/jshint-2.4.3.tgz' } ]
126 info install jshint@2.4.3 into /usr/local/lib
127 info installOne jshint@2.4.3
128 info /usr/local/lib/node_modules/jshint unbuild
129 verbose tar unpack /Users/lhenze/.npm/jshint/2.4.3/package.tgz
130 silly lockFile 59dfcd45-sr-local-lib-node-modules-jshint tar:///usr/local/lib/node_modules/jshint
131 verbose lock tar:///usr/local/lib/node_modules/jshint /Users/lhenze/.npm/59dfcd45-sr-local-lib-node-modules-jshint.lock
132 silly lockFile d5195c78-nze-npm-jshint-2-4-3-package-tgz tar:///Users/lhenze/.npm/jshint/2.4.3/package.tgz
133 verbose lock tar:///Users/lhenze/.npm/jshint/2.4.3/package.tgz /Users/lhenze/.npm/d5195c78-nze-npm-jshint-2-4-3-package-tgz.lock
134 silly gunzTarPerm modes [ '755', '644' ]
135 error Error: EACCES, mkdir '/usr/local/lib/node_modules/jshint'
135 error  { [Error: EACCES, mkdir '/usr/local/lib/node_modules/jshint']
135 error   errno: 3,
135 error   code: 'EACCES',
135 error   path: '/usr/local/lib/node_modules/jshint',
135 error   fstream_type: 'Directory',
135 error   fstream_path: '/usr/local/lib/node_modules/jshint',
135 error   fstream_class: 'DirWriter',
135 error   fstream_stack:
135 error    [ '/usr/local/lib/node_modules/npm/node_modules/fstream/lib/dir-writer.js:36:23',
135 error      '/usr/local/lib/node_modules/npm/node_modules/mkdirp/index.js:37:53',
135 error      'Object.oncomplete (fs.js:107:15)' ] }
136 error Please try running this command again as root/Administrator.
137 error System Darwin 12.5.0
138 error command "node" "/usr/local/bin/npm" "install" "jshint" "-g"
139 error cwd /Users/lhenze/Development/awdl/sites/all/themes/dlts_book/js
140 error node -v v0.10.25
141 error npm -v 1.3.24
142 error path /usr/local/lib/node_modules/jshint
143 error fstream_path /usr/local/lib/node_modules/jshint
144 error fstream_type Directory
145 error fstream_class DirWriter
146 error code EACCES
147 error errno 3
148 error stack Error: EACCES, mkdir '/usr/local/lib/node_modules/jshint'
149 error fstream_stack /usr/local/lib/node_modules/npm/node_modules/fstream/lib/dir-writer.js:36:23
149 error fstream_stack /usr/local/lib/node_modules/npm/node_modules/mkdirp/index.js:37:53
149 error fstream_stack Object.oncomplete (fs.js:107:15)
150 verbose exit [ 3, true ]
